[debug] [2023-06-18T06:28:34.130Z] ----------------------------------------------------------------------
[debug] [2023-06-18T06:28:34.132Z] Command:       /usr/local/bin/node /usr/local/bin/firebase deploy
[debug] [2023-06-18T06:28:34.132Z] CLI Version:   11.25.2
[debug] [2023-06-18T06:28:34.132Z] Platform:      darwin
[debug] [2023-06-18T06:28:34.132Z] Node Version:  v19.8.1
[debug] [2023-06-18T06:28:34.132Z] Time:          Sun Jun 18 2023 15:28:34 GMT+0900 (Japan Standard Time)
[debug] [2023-06-18T06:28:34.132Z] ----------------------------------------------------------------------
[debug] 
[debug] [2023-06-18T06:28:34.163Z] > command requires scopes: ["email","openid","https://www.googleapis.com/auth/cloudplatformprojects.readonly","https://www.googleapis.com/auth/firebase","https://www.googleapis.com/auth/cloud-platform"]
[debug] [2023-06-18T06:28:34.164Z] > authorizing via signed-in user (tarun.eswar15@gmail.com)
[debug] [2023-06-18T06:28:34.164Z] [iam] checking project tojapan-94cbd for permissions ["firebase.projects.get","firebasehosting.sites.update","firebaserules.releases.create","firebaserules.releases.update","firebaserules.rulesets.create"]
[debug] [2023-06-18T06:28:34.164Z] > refreshing access token with scopes: []
[debug] [2023-06-18T06:28:34.165Z] >>> [apiv2][query] POST https://www.googleapis.com/oauth2/v3/token [none]
[debug] [2023-06-18T06:28:34.165Z] >>> [apiv2][body] POST https://www.googleapis.com/oauth2/v3/token [omitted]
[debug] [2023-06-18T06:28:35.034Z] <<< [apiv2][status] POST https://www.googleapis.com/oauth2/v3/token 200
[debug] [2023-06-18T06:28:35.035Z] <<< [apiv2][body] POST https://www.googleapis.com/oauth2/v3/token [omitted]
[debug] [2023-06-18T06:28:35.048Z] >>> [apiv2][query] POST https://cloudresourcemanager.googleapis.com/v1/projects/tojapan-94cbd:testIamPermissions [none]
[debug] [2023-06-18T06:28:35.048Z] >>> [apiv2][(partial)header] POST https://cloudresourcemanager.googleapis.com/v1/projects/tojapan-94cbd:testIamPermissions x-goog-quota-user=projects/tojapan-94cbd
[debug] [2023-06-18T06:28:35.048Z] >>> [apiv2][body] POST https://cloudresourcemanager.googleapis.com/v1/projects/tojapan-94cbd:testIamPermissions {"permissions":["firebase.projects.get","firebasehosting.sites.update","firebaserules.releases.create","firebaserules.releases.update","firebaserules.rulesets.create"]}
[debug] [2023-06-18T06:28:35.998Z] <<< [apiv2][status] POST https://cloudresourcemanager.googleapis.com/v1/projects/tojapan-94cbd:testIamPermissions 200
[debug] [2023-06-18T06:28:35.998Z] <<< [apiv2][body] POST https://cloudresourcemanager.googleapis.com/v1/projects/tojapan-94cbd:testIamPermissions {"permissions":["firebase.projects.get","firebasehosting.sites.update","firebaserules.releases.create","firebaserules.releases.update","firebaserules.rulesets.create"]}
[debug] [2023-06-18T06:28:35.999Z] >>> [apiv2][query] GET https://firebase.googleapis.com/v1beta1/projects/tojapan-94cbd [none]
[debug] [2023-06-18T06:28:37.063Z] <<< [apiv2][status] GET https://firebase.googleapis.com/v1beta1/projects/tojapan-94cbd 200
[debug] [2023-06-18T06:28:37.063Z] <<< [apiv2][body] GET https://firebase.googleapis.com/v1beta1/projects/tojapan-94cbd {"projectId":"tojapan-94cbd","projectNumber":"628851232796","displayName":"365tojapan","name":"projects/tojapan-94cbd","resources":{"hostingSite":"tojapan-94cbd","storageBucket":"tojapan-94cbd.appspot.com","locationId":"northamerica-northeast1"},"state":"ACTIVE","etag":"1_0399273f-3a82-4a81-b886-3f8c6e81a52e"}
[info] 
[info] === Deploying to 'tojapan-94cbd'...
[info] 
[info] i  deploying storage, hosting 
[debug] [2023-06-18T06:28:37.065Z] >>> [apiv2][query] GET https://appengine.googleapis.com/v1/apps/tojapan-94cbd [none]
[debug] [2023-06-18T06:28:38.115Z] <<< [apiv2][status] GET https://appengine.googleapis.com/v1/apps/tojapan-94cbd 200
[debug] [2023-06-18T06:28:38.115Z] <<< [apiv2][body] GET https://appengine.googleapis.com/v1/apps/tojapan-94cbd {"name":"apps/tojapan-94cbd","id":"tojapan-94cbd","authDomain":"gmail.com","locationId":"northamerica-northeast1","codeBucket":"staging.tojapan-94cbd.appspot.com","servingStatus":"SERVING","defaultHostname":"tojapan-94cbd.nn.r.appspot.com","defaultBucket":"tojapan-94cbd.appspot.com","serviceAccount":"tojapan-94cbd@appspot.gserviceaccount.com","gcrDomain":"us.gcr.io","databaseType":"CLOUD_DATASTORE_COMPATIBILITY","featureSettings":{"splitHealthChecks":true,"useContainerOptimizedOs":true}}
[info] i  firebase.storage: checking storage.rules for compilation errors... 
[debug] [2023-06-18T06:28:38.116Z] >>> [apiv2][query] POST https://firebaserules.googleapis.com/v1/projects/tojapan-94cbd:test [none]
[debug] [2023-06-18T06:28:38.116Z] >>> [apiv2][body] POST https://firebaserules.googleapis.com/v1/projects/tojapan-94cbd:test [omitted]
[debug] [2023-06-18T06:28:39.194Z] <<< [apiv2][status] POST https://firebaserules.googleapis.com/v1/projects/tojapan-94cbd:test 200
[debug] [2023-06-18T06:28:39.194Z] <<< [apiv2][body] POST https://firebaserules.googleapis.com/v1/projects/tojapan-94cbd:test {}
[info] ✔  firebase.storage: rules file storage.rules compiled successfully 
[debug] [2023-06-18T06:28:39.200Z] >>> [apiv2][query] POST https://firebasehosting.googleapis.com/v1beta1/projects/-/sites/tojapan-94cbd/versions [none]
[debug] [2023-06-18T06:28:39.200Z] >>> [apiv2][body] POST https://firebasehosting.googleapis.com/v1beta1/projects/-/sites/tojapan-94cbd/versions {"status":"CREATED","labels":{"deployment-tool":"cli-firebase"}}
[debug] [2023-06-18T06:28:40.695Z] <<< [apiv2][status] POST https://firebasehosting.googleapis.com/v1beta1/projects/-/sites/tojapan-94cbd/versions 200
[debug] [2023-06-18T06:28:40.695Z] <<< [apiv2][body] POST https://firebasehosting.googleapis.com/v1beta1/projects/-/sites/tojapan-94cbd/versions {"name":"projects/628851232796/sites/tojapan-94cbd/versions/9690893c4fef913a","status":"CREATED","config":{},"labels":{"deployment-tool":"cli-firebase"}}
[debug] [2023-06-18T06:28:40.696Z] >>> [apiv2][query] GET https://firebaserules.googleapis.com/v1/projects/tojapan-94cbd/releases pageSize=10&pageToken=
[debug] [2023-06-18T06:28:41.091Z] <<< [apiv2][status] GET https://firebaserules.googleapis.com/v1/projects/tojapan-94cbd/releases 200
[debug] [2023-06-18T06:28:41.091Z] <<< [apiv2][body] GET https://firebaserules.googleapis.com/v1/projects/tojapan-94cbd/releases {"releases":[{"name":"projects/tojapan-94cbd/releases/firebase.storage/tojapan-94cbd.appspot.com","rulesetName":"projects/tojapan-94cbd/rulesets/012422ab-75b0-435e-b53e-eb1139b66258","createTime":"2022-10-18T16:41:42.061376Z","updateTime":"2023-06-18T04:02:05.736133Z"}]}
[debug] [2023-06-18T06:28:41.092Z] >>> [apiv2][query] GET https://firebaserules.googleapis.com/v1/projects/tojapan-94cbd/rulesets/012422ab-75b0-435e-b53e-eb1139b66258 [none]
